INFO  | 2021-09-14 22:38:29 | [main] demo.App (App.java:16) - Hello World Will Be Printed On Info
WARN  | 2021-09-14 22:38:29 | [main] demo.App (App.java:17) - Hello World Will Be Printed On Warn
ERROR | 2021-09-14 22:38:29 | [main] demo.App (App.java:18) - Hello World Will Be Printed On Error
FATAL | 2021-09-14 22:38:29 | [main] demo.App (App.java:19) - Hello World Will Be Printed On Fatal
INFO  | 2021-09-14 22:38:29 | [main] demo.App (App.java:20) - Appending string: Hello World.
INFO  | 2021-09-19 21:24:00 | [main] demo.App (App.java:16) - Hello World Will Be Printed On Info
WARN  | 2021-09-19 21:24:00 | [main] demo.App (App.java:17) - Hello World Will Be Printed On Warn
ERROR | 2021-09-19 21:24:00 | [main] demo.App (App.java:18) - Hello World Will Be Printed On Error
FATAL | 2021-09-19 21:24:00 | [main] demo.App (App.java:19) - Hello World Will Be Printed On Fatal
INFO  | 2021-09-19 21:24:00 | [main] demo.App (App.java:20) - Appending string: Hello World.
INFO  | 2021-09-19 21:32:47 | [main] demo.Demo (Demo.java:12) - Enter a number
INFO  | 2021-09-19 21:34:48 | [main] demo.App (App.java:16) - Hello World Will Be Printed On Info
WARN  | 2021-09-19 21:34:48 | [main] demo.App (App.java:17) - Hello World Will Be Printed On Warn
ERROR | 2021-09-19 21:34:48 | [main] demo.App (App.java:18) - Hello World Will Be Printed On Error
FATAL | 2021-09-19 21:34:48 | [main] demo.App (App.java:19) - Hello World Will Be Printed On Fatal
INFO  | 2021-09-19 21:34:48 | [main] demo.App (App.java:20) - Appending string: Hello World.
INFO  | 2021-09-19 22:07:29 | [main] demo.Demo (Demo.java:12) - Enter a number
INFO  | 2021-09-19 22:07:49 | [main] demo.Demo (Demo.java:12) - Enter a number
INFO  | 2021-09-19 22:07:52 | [main] demo.Demo (Demo.java:14) - 0,1,
INFO  | 2021-09-19 22:07:52 | [main] demo.Demo (Demo.java:18) - 1,
INFO  | 2021-09-19 22:07:52 | [main] demo.Demo (Demo.java:18) - 2,
INFO  | 2021-09-19 22:07:52 | [main] demo.Demo (Demo.java:18) - 3,
INFO  | 2021-09-19 22:07:52 | [main] demo.Demo (Demo.java:18) - 5,
INFO  | 2021-09-19 22:07:52 | [main] demo.Demo (Demo.java:18) - 8,
INFO  | 2021-09-19 22:07:52 | [main] demo.Demo (Demo.java:18) - 13,
INFO  | 2021-09-19 22:07:52 | [main] demo.Demo (Demo.java:18) - 21,
INFO  | 2021-09-19 22:07:52 | [main] demo.Demo (Demo.java:18) - 34,
INFO  | 2021-09-19 22:07:52 | [main] demo.Demo (Demo.java:18) - 55,
INFO  | 2021-09-19 22:07:52 | [main] demo.Demo (Demo.java:18) - 89,
INFO  | 2021-09-19 22:07:52 | [main] demo.Demo (Demo.java:18) - 144,
INFO  | 2021-09-19 22:09:04 | [main] demo.Demo (Demo.java:12) - Enter a number
INFO  | 2021-09-19 22:09:07 | [main] demo.Demo (Demo.java:14) - 0+1
INFO  | 2021-09-19 22:09:07 | [main] demo.Demo (Demo.java:18) - 1,
INFO  | 2021-09-19 22:09:07 | [main] demo.Demo (Demo.java:18) - 2,
INFO  | 2021-09-19 22:09:07 | [main] demo.Demo (Demo.java:18) - 3,
INFO  | 2021-09-19 22:09:07 | [main] demo.Demo (Demo.java:18) - 5,
INFO  | 2021-09-19 22:09:07 | [main] demo.Demo (Demo.java:18) - 8,
INFO  | 2021-09-19 22:09:07 | [main] demo.Demo (Demo.java:18) - 13,
INFO  | 2021-09-19 22:09:07 | [main] demo.Demo (Demo.java:18) - 21,
INFO  | 2021-09-19 22:09:07 | [main] demo.Demo (Demo.java:18) - 34,
INFO  | 2021-09-19 22:09:07 | [main] demo.Demo (Demo.java:18) - 55,
INFO  | 2021-09-19 22:09:07 | [main] demo.Demo (Demo.java:18) - 89,
INFO  | 2021-09-19 22:09:07 | [main] demo.Demo (Demo.java:18) - 144,
INFO  | 2021-09-19 22:42:03 | [main] demo.Demo (Demo.java:12) - Enter a number
INFO  | 2021-09-19 22:42:10 | [main] demo.Demo (Demo.java:14) - 0,1
INFO  | 2021-09-19 22:42:10 | [main] demo.Demo (Demo.java:18) - 1,
INFO  | 2021-09-19 22:42:10 | [main] demo.Demo (Demo.java:18) - 2,
INFO  | 2021-09-19 22:42:10 | [main] demo.Demo (Demo.java:18) - 3,
INFO  | 2021-09-19 22:42:10 | [main] demo.Demo (Demo.java:18) - 5,
INFO  | 2021-09-19 22:42:10 | [main] demo.Demo (Demo.java:18) - 8,
INFO  | 2021-09-19 22:42:10 | [main] demo.Demo (Demo.java:18) - 13,
INFO  | 2021-09-19 22:42:10 | [main] demo.Demo (Demo.java:18) - 21,
INFO  | 2021-09-19 22:42:10 | [main] demo.Demo (Demo.java:18) - 34,
INFO  | 2021-09-19 22:42:10 | [main] demo.Demo (Demo.java:18) - 55,
INFO  | 2021-09-19 22:42:10 | [main] demo.Demo (Demo.java:18) - 89,
INFO  | 2021-09-19 22:42:10 | [main] demo.Demo (Demo.java:18) - 144,
